2026-05-09 21:57:25 [INFO ] slik_checker.models: database_initialized: data/slik.db
2026-05-09 21:57:25 [INFO ] slik_checker.captcha: captcha_engine_loaded: engine=tesseract
2026-05-09 21:57:26 [INFO ] slik_checker.captcha: captcha_engine_loaded: engine=ddddocr
2026-05-09 21:57:29 [INFO ] slik_checker.captcha: captcha_engine_loaded: engine=easyocr
2026-05-09 21:57:29 [INFO ] slik_checker.models: database_initialized: data/slik.db
2026-05-09 21:57:29 [INFO ] slik_checker.scheduler: scheduler_started
2026-05-09 21:57:29 [INFO ] slik_checker.scheduler: schedule_loaded: id=2 | name=Cek & Daftar Setiap Jam
2026-05-09 22:00:00 [INFO ] slik_checker.scheduler: schedule_execute: id=2 | name=Cek & Daftar Setiap Jam
2026-05-09 22:00:01 [INFO ] slik_checker.captcha: captcha_no_consensus: result=ftpVas
2026-05-09 22:00:03 [INFO ] slik_checker.captcha: captcha_no_consensus: result=Crmedg
2026-05-09 22:00:04 [INFO ] slik_checker.captcha: captcha_no_consensus: result=Honwiu
2026-05-09 22:00:06 [INFO ] slik_checker.captcha: captcha_no_consensus: result=kKjsCR
2026-05-09 22:00:07 [INFO ] slik_checker.captcha: captcha_no_consensus: result=VMHiPj
2026-05-09 22:00:08 [INFO ] slik_checker.captcha: captcha_no_consensus: result=Stifsf
2026-05-09 22:00:08 [WARNING] slik_checker.orchestrator: status: nama=T3 → auto-reg GAGAL
2026-05-09 22:00:08 [INFO ] slik_checker.scheduler: schedule_done: id=2 | name=Cek & Daftar Setiap Jam | status=ERROR
2026-05-09 23:00:00 [INFO ] slik_checker.scheduler: schedule_execute: id=2 | name=Cek & Daftar Setiap Jam
2026-05-09 23:00:03 [INFO ] slik_checker.captcha: captcha_consensus: result=eotumo
2026-05-09 23:00:05 [INFO ] slik_checker.captcha: captcha_no_consensus: result=KigfYn
2026-05-09 23:00:06 [INFO ] slik_checker.captcha: captcha_no_consensus: result=dsHONx
2026-05-09 23:00:07 [INFO ] slik_checker.captcha: captcha_no_consensus: result=Ceqghi
2026-05-09 23:00:09 [INFO ] slik_checker.captcha: captcha_no_consensus: result=malar
2026-05-09 23:00:11 [INFO ] slik_checker.captcha: captcha_no_consensus: result=DorFti
2026-05-09 23:00:11 [WARNING] slik_checker.orchestrator: status: nama=T3 → auto-reg GAGAL
2026-05-09 23:00:11 [INFO ] slik_checker.scheduler: schedule_done: id=2 | name=Cek & Daftar Setiap Jam | status=ERROR
